app/build/outputs/logs/manifest-merger-debug-report.txt
-- Merging decision tree log ---
manifest
ADDED from src/main/AndroidManifest.xml:2:1-98:12
	xmlns:android
		ADDED from src/main/AndroidManifest.xml:2:11-69
	package
		ADDED from src/main/AndroidManifest.xml:3:5-32
		INJECTED from src/main/AndroidManifest.xml
		INJECTED from src/main/AndroidManifest.xml
	android:versionName
		ADDED from src/main/AndroidManifest.xml:5:5-30
		INJECTED from src/main/AndroidManifest.xml
		INJECTED from src/main/AndroidManifest.xml
	android:versionCode
		ADDED from src/main/AndroidManifest.xml:4:5-28
		INJECTED from src/main/AndroidManifest.xml
		INJECTED from src/main/AndroidManifest.xml
uses-sdk
ADDED from src/main/AndroidManifest.xml:7:5-9:41
MERGED from [com.android.support:support-v4:20.0.0] AndroidManifest.xml:16:5-42
MERGED from [com.android.support:appcompat-v7:20.0.0] AndroidManifest.xml:16:5-42
MERGED from [com.android.support:support-v4:20.0.0] AndroidManifest.xml:16:5-42
	android:targetSdkVersion
		ADDED from src/main/AndroidManifest.xml:9:9-38
		INJECTED from src/main/AndroidManifest.xml
		INJECTED from src/main/AndroidManifest.xml
	android:minSdkVersion
		ADDED from src/main/AndroidManifest.xml:8:9-35
		INJECTED from src/main/AndroidManifest.xml
		INJECTED from src/main/AndroidManifest.xml
supports-screens
ADDED from src/main/AndroidManifest.xml:11:5-16:39
	android:resizeable
		ADDED from src/main/AndroidManifest.xml:15:9-34
	android:largeScreens
		ADDED from src/main/AndroidManifest.xml:13:9-36
	android:anyDensity
		ADDED from src/main/AndroidManifest.xml:12:9-34
	android:normalScreens
		ADDED from src/main/AndroidManifest.xml:14:9-37
	android:smallScreens
		ADDED from src/main/AndroidManifest.xml:16:9-36
uses-permission#android.permission.INTERNET
ADDED from src/main/AndroidManifest.xml:18:5-67
	android:name
		ADDED from src/main/AndroidManifest.xml:18:22-64
uses-permission#android.permission.WRITE_EXTERNAL_STORAGE
ADDED from src/main/AndroidManifest.xml:19:5-81
	android:name
		ADDED from src/main/AndroidManifest.xml:19:22-78
uses-permission#android.permission.DOWNLOAD_WITHOUT_NOTIFICATION
ADDED from src/main/AndroidManifest.xml:20:5-88
	android:name
		ADDED from src/main/AndroidManifest.xml:20:22-85
uses-permission#android.permission.MOUNT_UNMOUNT_FILESYSTEMS
ADDED from src/main/AndroidManifest.xml:21:5-84
	android:name
		ADDED from src/main/AndroidManifest.xml:21:22-81
uses-permission#android.permission.READ_EXTERNAL_STORAGE
ADDED from src/main/AndroidManifest.xml:22:5-80
	android:name
		ADDED from src/main/AndroidManifest.xml:22:22-77
uses-permission#android.permission.READ_CONTACTS
ADDED from src/main/AndroidManifest.xml:23:5-72
	android:name
		ADDED from src/main/AndroidManifest.xml:23:22-69
uses-permission#android.permission.GET_TASKS
ADDED from src/main/AndroidManifest.xml:24:5-68
	android:name
		ADDED from src/main/AndroidManifest.xml:24:22-65
uses-permission#android.permission.ACCESS_WIFI_STATE
ADDED from src/main/AndroidManifest.xml:25:5-76
	android:name
		ADDED from src/main/AndroidManifest.xml:25:22-73
uses-permission#android.permission.ACCESS_NETWORK_STATE
ADDED from src/main/AndroidManifest.xml:26:5-79
	android:name
		ADDED from src/main/AndroidManifest.xml:26:22-76
uses-permission#android.permission.CHANGE_WIFI_STATE
ADDED from src/main/AndroidManifest.xml:27:5-76
	android:name
		ADDED from src/main/AndroidManifest.xml:27:22-73
uses-permission#android.permission.READ_PHONE_STATE
ADDED from src/main/AndroidManifest.xml:28:5-75
	android:name
		ADDED from src/main/AndroidManifest.xml:28:22-72
uses-permission#android.permission.MANAGE_ACCOUNTS
ADDED from src/main/AndroidManifest.xml:29:5-74
	android:name
		ADDED from src/main/AndroidManifest.xml:29:22-71
uses-permission#android.permission.GET_ACCOUNTS
ADDED from src/main/AndroidManifest.xml:30:5-71
	android:name
		ADDED from src/main/AndroidManifest.xml:30:22-68
uses-permission#com.android.launcher.permission.INSTALL_SHORTCUT
ADDED from src/main/AndroidManifest.xml:31:5-88
	android:name
		ADDED from src/main/AndroidManifest.xml:31:22-85
uses-permission#android.permission.VIBRATE
ADDED from src/main/AndroidManifest.xml:35:5-66
	android:name
		ADDED from src/main/AndroidManifest.xml:35:22-63
uses-permission#android.permission.CAMERA
ADDED from src/main/AndroidManifest.xml:36:5-65
	android:name
		ADDED from src/main/AndroidManifest.xml:36:22-62
uses-permission#android.permission.FLASHLIGHT
ADDED from src/main/AndroidManifest.xml:37:5-69
	android:name
		ADDED from src/main/AndroidManifest.xml:37:22-66
uses-feature#android.hardware.camera
ADDED from src/main/AndroidManifest.xml:40:5-60
	android:name
		ADDED from src/main/AndroidManifest.xml:40:19-57
uses-feature#android.hardware.camera.autofocus
ADDED from src/main/AndroidManifest.xml:41:5-70
	android:name
		ADDED from src/main/AndroidManifest.xml:41:19-67
application
ADDED from src/main/AndroidManifest.xml:43:5-96:19
MERGED from [com.android.support:support-v4:20.0.0] AndroidManifest.xml:17:5-19
MERGED from [com.android.support:appcompat-v7:20.0.0] AndroidManifest.xml:17:5-19
MERGED from [com.android.support:support-v4:20.0.0] AndroidManifest.xml:17:5-19
	android:label
		ADDED from src/main/AndroidManifest.xml:48:9-41
	android:allowBackup
		ADDED from src/main/AndroidManifest.xml:45:9-35
	android:icon
		ADDED from src/main/AndroidManifest.xml:47:9-45
	android:theme
		ADDED from src/main/AndroidManifest.xml:49:9-40
	android:hardwareAccelerated
		ADDED from src/main/AndroidManifest.xml:46:9-43
	android:name
		ADDED from src/main/AndroidManifest.xml:44:9-49
activity#com.szl.zhaozhao2.ui.activity.LoginActivity
ADDED from src/main/AndroidManifest.xml:50:9-53:61
	android:screenOrientation
		ADDED from src/main/AndroidManifest.xml:53:13-49
	android:name
		ADDED from src/main/AndroidManifest.xml:51:13-54
	android:launchMode
		ADDED from src/main/AndroidManifest.xml:52:13-44
activity#com.szl.zhaozhao2.ui.activity.MainActivity
ADDED from src/main/AndroidManifest.xml:54:9-64:20
	android:screenOrientation
		ADDED from src/main/AndroidManifest.xml:58:13-49
	android:label
		ADDED from src/main/AndroidManifest.xml:56:13-45
	android:name
		ADDED from src/main/AndroidManifest.xml:55:13-53
	android:launchMode
		ADDED from src/main/AndroidManifest.xml:57:13-44
intent-filter#android.intent.action.MAIN+android.intent.category.LAUNCHER
ADDED from src/main/AndroidManifest.xml:59:13-63:29
action#android.intent.action.MAIN
ADDED from src/main/AndroidManifest.xml:60:17-69
	android:name
		ADDED from src/main/AndroidManifest.xml:60:25-66
category#android.intent.category.LAUNCHER
ADDED from src/main/AndroidManifest.xml:62:17-77
	android:name
		ADDED from src/main/AndroidManifest.xml:62:27-74
activity#com.szl.zhaozhao2.ui.activity.BaseFragmentActivity
ADDED from src/main/AndroidManifest.xml:65:9-67:68
	android:label
		ADDED from src/main/AndroidManifest.xml:67:13-65
	android:name
		ADDED from src/main/AndroidManifest.xml:66:13-61
activity#com.szl.zhaozhao2.ui.activity.RegisterForCompanyActivity
ADDED from src/main/AndroidManifest.xml:68:9-71:52
	android:screenOrientation
		ADDED from src/main/AndroidManifest.xml:71:13-49
	android:name
		ADDED from src/main/AndroidManifest.xml:69:13-67
	android:launchMode
		ADDED from src/main/AndroidManifest.xml:70:13-44
activity#com.szl.zhaozhao2.ui.activity.RegisterForTraineeActivity
ADDED from src/main/AndroidManifest.xml:72:9-75:52
	android:screenOrientation
		ADDED from src/main/AndroidManifest.xml:75:13-49
	android:name
		ADDED from src/main/AndroidManifest.xml:73:13-67
	android:launchMode
		ADDED from src/main/AndroidManifest.xml:74:13-44
activity#com.szl.zhaozhao2.ui.activity.RegisterForOrdinaryActivity
ADDED from src/main/AndroidManifest.xml:76:9-79:52
	android:screenOrientation
		ADDED from src/main/AndroidManifest.xml:79:13-49
	android:name
		ADDED from src/main/AndroidManifest.xml:77:13-68
	android:launchMode
		ADDED from src/main/AndroidManifest.xml:78:13-44
activity#com.szl.zhaozhao2.ui.activity.RegisterIllustrationActivity
ADDED from src/main/AndroidManifest.xml:80:9-83:52
	android:screenOrientation
		ADDED from src/main/AndroidManifest.xml:83:13-49
	android:name
		ADDED from src/main/AndroidManifest.xml:81:13-69
	android:launchMode
		ADDED from src/main/AndroidManifest.xml:82:13-44
activity#com.szl.zhaozhao2.ui.activity.MipCaptureActivity
ADDED from src/main/AndroidManifest.xml:84:9-87:52
	android:screenOrientation
		ADDED from src/main/AndroidManifest.xml:87:13-49
	android:name
		ADDED from src/main/AndroidManifest.xml:85:13-59
	android:launchMode
		ADDED from src/main/AndroidManifest.xml:86:13-44
activity#com.szl.zhaozhao2.ui.activity.CompleteCompanyActivity
ADDED from src/main/AndroidManifest.xml:88:9-91:61
	android:screenOrientation
		ADDED from src/main/AndroidManifest.xml:91:13-49
	android:name
		ADDED from src/main/AndroidManifest.xml:89:13-64
	android:launchMode
		ADDED from src/main/AndroidManifest.xml:90:13-44
activity#com.szl.zhaozhao2.ui.activity.JobDetailActivity
ADDED from src/main/AndroidManifest.xml:92:9-95:15
	android:screenOrientation
		ADDED from src/main/AndroidManifest.xml:94:13-49
	android:name
		ADDED from src/main/AndroidManifest.xml:92:19-64
	android:launchMode
		ADDED from src/main/AndroidManifest.xml:93:13-44